<?xml version="1.0" encoding="UTF-8"?>
<testng-results skipped="0" failed="0" ignored="0" total="1" passed="1">
  <reporter-output>
  </reporter-output>
  <suite name="Default suite" duration-ms="13543" started-at="2022-08-03T14:25:28 IST" finished-at="2022-08-03T14:25:42 IST">
    <groups>
    </groups>
    <test name="Default test" duration-ms="13543" started-at="2022-08-03T14:25:28 IST" finished-at="2022-08-03T14:25:42 IST">
      <class name="fileupload.up">
        <test-method status="PASS" signature="upload()[pri:0, instance:fileupload.up@7dc222ae]" name="upload" duration-ms="13511" started-at="2022-08-03T14:25:28 IST" finished-at="2022-08-03T14:25:42 IST">
          <reporter-output>
          </reporter-output>
        </test-method> <!-- upload -->
      </class> <!-- fileupload.up -->
    </test> <!-- Default test -->
  </suite> <!-- Default suite -->
</testng-results>
