<?xml version="1.0" encoding="UTF-8"?>
<testng-results skipped="0" failed="0" ignored="0" total="1" passed="1">
  <reporter-output>
  </reporter-output>
  <suite name="Default suite" duration-ms="4683" started-at="2022-08-06T16:52:06 IST" finished-at="2022-08-06T16:52:11 IST">
    <groups>
    </groups>
    <test name="Default test" duration-ms="4683" started-at="2022-08-06T16:52:06 IST" finished-at="2022-08-06T16:52:11 IST">
      <class name="testngwaits.w2">
        <test-method status="PASS" signature="hard()[pri:0, instance:testngwaits.w2@6483f5ae]" name="hard" duration-ms="4643" started-at="2022-08-06T16:52:06 IST" finished-at="2022-08-06T16:52:11 IST">
          <reporter-output>
          </reporter-output>
        </test-method> <!-- hard -->
      </class> <!-- testngwaits.w2 -->
    </test> <!-- Default test -->
  </suite> <!-- Default suite -->
</testng-results>
