<?xml version="1.0" encoding="UTF-8"?>
<testng-results skipped="0" failed="0" ignored="0" total="1" passed="1">
  <reporter-output>
  </reporter-output>
  <suite name="Suite" duration-ms="2989" started-at="2022-08-31T00:53:56Z" finished-at="2022-08-31T00:53:59Z">
    <groups>
    </groups>
    <test name="Test" duration-ms="2989" started-at="2022-08-31T00:53:56Z" finished-at="2022-08-31T00:53:59Z">
      <class name="basics.c1">
        <test-method status="PASS" signature="t1()[pri:0, instance:basics.c1@2abf4075]" name="t1" duration-ms="2887" started-at="2022-08-31T00:53:56Z" finished-at="2022-08-31T00:53:59Z">
          <reporter-output>
          </reporter-output>
        </test-method> <!-- t1 -->
      </class> <!-- basics.c1 -->
    </test> <!-- Test -->
  </suite> <!-- Suite -->
</testng-results>
